IhateFridays/app/build/intermediates/manifest_merge_blame_file/debug/manifest-merger-blame-debug-report.txt
1<?xml version="1.0" encoding="utf-8"?>
2<manifest xmlns:android="http://schemas.android.com/apk/res/android"
3    package="com.example.ihatefridays"
4    android:versionCode="1"
5    android:versionName="1.0" >
6
7    <uses-sdk
8        android:minSdkVersion="23"
8-->src\main\AndroidManifest.xml
9        android:targetSdkVersion="29" />
9-->src\main\AndroidManifest.xml
10
11    <!-- Required permission for App measurement to run. -->
12    <uses-permission android:name="android.permission.INTERNET" />
12-->[com.google.android.gms:play-services-measurement:17.2.1] AndroidManifest.xml:23:5-67
12-->[com.google.android.gms:play-services-measurement:17.2.1] AndroidManifest.xml:23:22-64
13    <uses-permission android:name="android.permission.ACCESS_NETWORK_STATE" />
13-->[com.google.android.gms:play-services-measurement:17.2.1] AndroidManifest.xml:24:5-79
13-->[com.google.android.gms:play-services-measurement:17.2.1] AndroidManifest.xml:24:22-76
14    <uses-permission android:name="android.permission.WAKE_LOCK" />
14-->[com.google.android.gms:play-services-measurement:17.2.1] AndroidManifest.xml:25:5-68
14-->[com.google.android.gms:play-services-measurement:17.2.1] AndroidManifest.xml:25:22-65
15    <uses-permission android:name="com.google.android.finsky.permission.BIND_GET_INSTALL_REFERRER_SERVICE" /> <!-- Required by older versions of Google Play services to create IID tokens -->
15-->[com.google.android.gms:play-services-measurement:17.2.1] AndroidManifest.xml:26:5-110
15-->[com.google.android.gms:play-services-measurement:17.2.1] AndroidManifest.xml:26:22-107
16    <uses-permission android:name="com.google.android.c2dm.permission.RECEIVE" />
16-->[com.google.firebase:firebase-iid:19.0.0] AndroidManifest.xml:26:5-82
16-->[com.google.firebase:firebase-iid:19.0.0] AndroidManifest.xml:26:22-79
17
18    <application
18-->src\main\AndroidManifest.xml:5:5-19:19
19        android:allowBackup="true"
19-->src\main\AndroidManifest.xml:6:9-35
20        android:appComponentFactory="androidx.core.app.CoreComponentFactory"
20-->[androidx.core:core:1.1.0] AndroidManifest.xml:24:18-86
21        android:debuggable="true"
22        android:extractNativeLibs="false"
23        android:icon="@mipmap/ic_launcher"
23-->src\main\AndroidManifest.xml:7:9-43
24        android:label="@string/app_name"
24-->src\main\AndroidManifest.xml:8:9-41
25        android:roundIcon="@mipmap/ic_launcher_round"
25-->src\main\AndroidManifest.xml:9:9-54
26        android:supportsRtl="true"
26-->src\main\AndroidManifest.xml:10:9-35
27        android:theme="@style/AppTheme" >
27-->src\main\AndroidManifest.xml:11:9-40
28        <activity android:name="com.example.ihatefridays.MainActivity" >
28-->src\main\AndroidManifest.xml:12:9-18:20
28-->src\main\AndroidManifest.xml:12:19-47
29            <intent-filter>
29-->src\main\AndroidManifest.xml:13:13-17:29
30                <action android:name="android.intent.action.MAIN" />
30-->src\main\AndroidManifest.xml:14:17-69
30-->src\main\AndroidManifest.xml:14:25-66
31
32                <category android:name="android.intent.category.LAUNCHER" />
32-->src\main\AndroidManifest.xml:16:17-77
32-->src\main\AndroidManifest.xml:16:27-74
33            </intent-filter>
34        </activity>
35
36        <receiver
36-->[com.google.android.gms:play-services-measurement:17.2.1] AndroidManifest.xml:29:9-33:20
37            android:name="com.google.android.gms.measurement.AppMeasurementReceiver"
37-->[com.google.android.gms:play-services-measurement:17.2.1] AndroidManifest.xml:30:13-85
38            android:enabled="true"
38-->[com.google.android.gms:play-services-measurement:17.2.1] AndroidManifest.xml:31:13-35
39            android:exported="false" >
39-->[com.google.android.gms:play-services-measurement:17.2.1] AndroidManifest.xml:32:13-37
40        </receiver>
41        <receiver
41-->[com.google.android.gms:play-services-measurement:17.2.1] AndroidManifest.xml:34:9-42:20
42            android:name="com.google.android.gms.measurement.AppMeasurementInstallReferrerReceiver"
42-->[com.google.android.gms:play-services-measurement:17.2.1] AndroidManifest.xml:35:13-100
43            android:enabled="true"
43-->[com.google.android.gms:play-services-measurement:17.2.1] AndroidManifest.xml:36:13-35
44            android:exported="true"
44-->[com.google.android.gms:play-services-measurement:17.2.1] AndroidManifest.xml:37:13-36
45            android:permission="android.permission.INSTALL_PACKAGES" >
45-->[com.google.android.gms:play-services-measurement:17.2.1] AndroidManifest.xml:38:13-69
46            <intent-filter>
46-->[com.google.android.gms:play-services-measurement:17.2.1] AndroidManifest.xml:39:13-41:29
47                <action android:name="com.android.vending.INSTALL_REFERRER" />
47-->[com.google.android.gms:play-services-measurement:17.2.1] AndroidManifest.xml:40:17-79
47-->[com.google.android.gms:play-services-measurement:17.2.1] AndroidManifest.xml:40:25-76
48            </intent-filter>
49        </receiver>
50
51        <service
51-->[com.google.android.gms:play-services-measurement:17.2.1] AndroidManifest.xml:44:9-47:40
52            android:name="com.google.android.gms.measurement.AppMeasurementService"
52-->[com.google.android.gms:play-services-measurement:17.2.1] AndroidManifest.xml:45:13-84
53            android:enabled="true"
53-->[com.google.android.gms:play-services-measurement:17.2.1] AndroidManifest.xml:46:13-35
54            android:exported="false" />
54-->[com.google.android.gms:play-services-measurement:17.2.1] AndroidManifest.xml:47:13-37
55        <service
55-->[com.google.android.gms:play-services-measurement:17.2.1] AndroidManifest.xml:48:9-52:72
56            android:name="com.google.android.gms.measurement.AppMeasurementJobService"
56-->[com.google.android.gms:play-services-measurement:17.2.1] AndroidManifest.xml:49:13-87
57            android:enabled="true"
57-->[com.google.android.gms:play-services-measurement:17.2.1] AndroidManifest.xml:50:13-35
58            android:exported="false"
58-->[com.google.android.gms:play-services-measurement:17.2.1] AndroidManifest.xml:51:13-37
59            android:permission="android.permission.BIND_JOB_SERVICE" />
59-->[com.google.android.gms:play-services-measurement:17.2.1] AndroidManifest.xml:52:13-69
60        <service
60-->[com.google.android.gms:play-services-measurement-api:17.2.1] AndroidManifest.xml:27:9-33:19
61            android:name="com.google.firebase.components.ComponentDiscoveryService"
61-->[com.google.android.gms:play-services-measurement-api:17.2.1] AndroidManifest.xml:28:13-84
62            android:exported="false" >
62-->[com.google.android.gms:play-services-measurement-api:17.2.1] AndroidManifest.xml:29:13-37
63            <meta-data
63-->[com.google.android.gms:play-services-measurement-api:17.2.1] AndroidManifest.xml:30:13-32:85
64                android:name="com.google.firebase.components:com.google.firebase.analytics.connector.internal.AnalyticsConnectorRegistrar"
64-->[com.google.android.gms:play-services-measurement-api:17.2.1] AndroidManifest.xml:31:17-139
65                android:value="com.google.firebase.components.ComponentRegistrar" />
65-->[com.google.android.gms:play-services-measurement-api:17.2.1] AndroidManifest.xml:32:17-82
66            <meta-data
66-->[com.google.firebase:firebase-iid:19.0.0] AndroidManifest.xml:32:13-34:85
67                android:name="com.google.firebase.components:com.google.firebase.iid.Registrar"
67-->[com.google.firebase:firebase-iid:19.0.0] AndroidManifest.xml:33:17-96
68                android:value="com.google.firebase.components.ComponentRegistrar" />
68-->[com.google.firebase:firebase-iid:19.0.0] AndroidManifest.xml:34:17-82
69        </service>
70
71        <receiver
71-->[com.google.firebase:firebase-iid:19.0.0] AndroidManifest.xml:37:9-44:20
72            android:name="com.google.firebase.iid.FirebaseInstanceIdReceiver"
72-->[com.google.firebase:firebase-iid:19.0.0] AndroidManifest.xml:38:13-78
73            android:exported="true"
73-->[com.google.firebase:firebase-iid:19.0.0] AndroidManifest.xml:39:13-36
74            android:permission="com.google.android.c2dm.permission.SEND" >
74-->[com.google.firebase:firebase-iid:19.0.0] AndroidManifest.xml:40:13-73
75            <intent-filter>
75-->[com.google.firebase:firebase-iid:19.0.0] AndroidManifest.xml:41:13-43:29
76                <action android:name="com.google.android.c2dm.intent.RECEIVE" />
76-->[com.google.firebase:firebase-iid:19.0.0] AndroidManifest.xml:42:17-81
76-->[com.google.firebase:firebase-iid:19.0.0] AndroidManifest.xml:42:25-78
77            </intent-filter>
78        </receiver>
79
80        <provider
80-->[com.google.firebase:firebase-common:19.0.0] AndroidManifest.xml:12:9-16:39
81            android:name="com.google.firebase.provider.FirebaseInitProvider"
81-->[com.google.firebase:firebase-common:19.0.0] AndroidManifest.xml:13:13-77
82            android:authorities="com.example.ihatefridays.firebaseinitprovider"
82-->[com.google.firebase:firebase-common:19.0.0] AndroidManifest.xml:14:13-72
83            android:exported="false"
83-->[com.google.firebase:firebase-common:19.0.0] AndroidManifest.xml:15:13-37
84            android:initOrder="100" />
84-->[com.google.firebase:firebase-common:19.0.0] AndroidManifest.xml:16:13-36
85
86        <activity
86-->[com.google.android.gms:play-services-base:17.0.0] AndroidManifest.xml:23:9-26:75
87            android:name="com.google.android.gms.common.api.GoogleApiActivity"
87-->[com.google.android.gms:play-services-base:17.0.0] AndroidManifest.xml:24:13-79
88            android:exported="false"
88-->[com.google.android.gms:play-services-base:17.0.0] AndroidManifest.xml:25:13-37
89            android:theme="@android:style/Theme.Translucent.NoTitleBar" />
89-->[com.google.android.gms:play-services-base:17.0.0] AndroidManifest.xml:26:13-72
90
91        <meta-data
91-->[com.google.android.gms:play-services-basement:17.0.0] AndroidManifest.xml:23:9-25:69
92            android:name="com.google.android.gms.version"
92-->[com.google.android.gms:play-services-basement:17.0.0] AndroidManifest.xml:24:13-58
93            android:value="@integer/google_play_services_version" />
93-->[com.google.android.gms:play-services-basement:17.0.0] AndroidManifest.xml:25:13-66
94
95        <provider
95-->[androidx.lifecycle:lifecycle-process:2.1.0] AndroidManifest.xml:23:9-27:43
96            android:name="androidx.lifecycle.ProcessLifecycleOwnerInitializer"
96-->[androidx.lifecycle:lifecycle-process:2.1.0] AndroidManifest.xml:24:13-79
97            android:authorities="com.example.ihatefridays.lifecycle-process"
97-->[androidx.lifecycle:lifecycle-process:2.1.0] AndroidManifest.xml:25:13-69
98            android:exported="false"
98-->[androidx.lifecycle:lifecycle-process:2.1.0] AndroidManifest.xml:26:13-37
99            android:multiprocess="true" />
99-->[androidx.lifecycle:lifecycle-process:2.1.0] AndroidManifest.xml:27:13-40
100    </application>
101
102</manifest>